[ERROR][2018-04-13 20:15:15,459][basehttp.py][log_message][124]> "GET /static/ui/themes/icon.css HTTP/1.1" 500 59
[ERROR][2018-04-13 20:15:15,862][basehttp.py][log_message][124]> "GET /static/admin/bower_components/font-awesome/fonts/fontawesome-webfont.woff?v=4.2.0 HTTP/1.1" 500 59
[ERROR][2018-04-13 20:19:50,663][basehttp.py][log_message][124]> "GET /static/css/style.css HTTP/1.1" 500 59
[ERROR][2018-04-13 20:19:50,667][basehttp.py][log_message][124]> "GET /static/css/bootstrap.css HTTP/1.1" 500 59
[ERROR][2018-04-13 20:19:53,032][basehttp.py][log_message][124]> "GET /user/index/2/ HTTP/1.1" 500 64041
[ERROR][2018-04-13 20:20:30,772][basehttp.py][log_message][124]> "GET /user/index/2/ HTTP/1.1" 500 63898
[ERROR][2018-04-13 20:24:47,442][basehttp.py][log_message][124]> "GET /static/css/bootstrap.css HTTP/1.1" 500 59
[ERROR][2018-04-13 20:24:47,468][basehttp.py][log_message][124]> "GET /static/css/style.css HTTP/1.1" 500 59
[ERROR][2018-04-13 20:24:50,688][basehttp.py][log_message][124]> "GET /user/index/2/ HTTP/1.1" 500 64040
[ERROR][2018-04-13 20:26:26,605][basehttp.py][log_message][124]> "GET /user/index/2/ HTTP/1.1" 500 140994
[ERROR][2018-04-13 20:27:45,856][basehttp.py][log_message][124]> "GET /static/ui/themes/icon.css HTTP/1.1" 500 59
[ERROR][2018-04-13 20:27:45,882][basehttp.py][log_message][124]> "GET /static/ui/demo/demo.css HTTP/1.1" 500 59
[ERROR][2018-04-13 20:27:45,891][basehttp.py][log_message][124]> "GET /static/admin/bower_components/bootstrap/dist/css/bootstrap.min.css HTTP/1.1" 500 59
[ERROR][2018-04-13 20:27:45,919][basehttp.py][log_message][124]> "GET /static/admin/dist/css/sb-admin-2.css HTTP/1.1" 500 59
[ERROR][2018-04-13 20:27:45,938][basehttp.py][log_message][124]> "GET /static/admin/css/common.css HTTP/1.1" 500 59
[ERROR][2018-04-13 20:27:45,943][basehttp.py][log_message][124]> "GET /static/admin/bower_components/font-awesome/css/font-awesome.min.css HTTP/1.1" 500 59
[ERROR][2018-04-13 20:27:45,947][basehttp.py][log_message][124]> "GET /static/images/co.png HTTP/1.1" 500 59
[ERROR][2018-04-13 20:27:46,080][basehttp.py][log_message][124]> "GET /static/admin/bower_components/font-awesome/fonts/fontawesome-webfont.woff?v=4.2.0 HTTP/1.1" 500 59
[ERROR][2018-04-13 20:37:05,518][basehttp.py][log_message][124]> "GET /static/ui/themes/default/easyui.css HTTP/1.1" 500 59
[ERROR][2018-04-13 20:37:05,562][basehttp.py][log_message][124]> "GET /static/admin/dist/css/sb-admin-2.css HTTP/1.1" 500 59
[ERROR][2018-04-13 20:37:11,310][basehttp.py][log_message][124]> "GET /static/css/bootstrap.css HTTP/1.1" 500 59
[ERROR][2018-04-13 20:37:11,341][basehttp.py][log_message][124]> "GET /static/css/style.css HTTP/1.1" 500 59
[ERROR][2018-04-13 20:37:11,372][basehttp.py][log_message][124]> "GET /static/images/5.jpg HTTP/1.1" 500 59
[ERROR][2018-04-13 20:37:11,372][basehttp.py][log_message][124]> "GET /static/images/4.jpg HTTP/1.1" 500 59
[ERROR][2018-04-13 20:37:11,388][basehttp.py][log_message][124]> "GET /static/images/6.jpg HTTP/1.1" 500 59
[ERROR][2018-04-13 20:37:11,388][basehttp.py][log_message][124]> "GET /static/images/banner.png HTTP/1.1" 500 59
[ERROR][2018-04-13 20:37:11,435][basehttp.py][log_message][124]> "GET /static/images/img-sp.png HTTP/1.1" 500 59
[ERROR][2018-04-13 20:37:11,513][basehttp.py][log_message][124]> "GET /static/images/2.jpg HTTP/1.1" 500 59
[ERROR][2018-04-13 20:37:11,513][basehttp.py][log_message][124]> "GET /static/images/1.jpg HTTP/1.1" 500 59
[ERROR][2018-04-13 20:37:11,513][basehttp.py][log_message][124]> "GET /static/images/3.jpg HTTP/1.1" 500 59
[ERROR][2018-04-13 20:37:14,482][basehttp.py][log_message][124]> "GET /static/ui/themes/default/easyui.css HTTP/1.1" 500 59
[ERROR][2018-04-13 20:37:14,482][basehttp.py][log_message][124]> "GET /static/ui/themes/icon.css HTTP/1.1" 500 59
[ERROR][2018-04-13 20:37:37,744][basehttp.py][log_message][124]> "GET /static/ui/themes/icon.css HTTP/1.1" 500 59
[ERROR][2018-04-13 20:37:37,744][basehttp.py][log_message][124]> "GET /static/ui/themes/default/easyui.css HTTP/1.1" 500 59
[ERROR][2018-04-13 20:37:37,822][basehttp.py][log_message][124]> "GET /static/ui/demo/demo.css HTTP/1.1" 500 59
[ERROR][2018-04-13 20:37:37,853][basehttp.py][log_message][124]> "GET /static/admin/bower_components/metisMenu/dist/metisMenu.min.css HTTP/1.1" 500 59
[ERROR][2018-04-13 20:47:38,923][basehttp.py][log_message][124]> "GET /static/css/bootstrap.css HTTP/1.1" 500 59
[ERROR][2018-04-13 20:47:38,939][basehttp.py][log_message][124]> "GET /static/css/style.css HTTP/1.1" 500 59
[ERROR][2018-04-13 20:47:46,362][basehttp.py][log_message][124]> "GET /static/ui/themes/default/easyui.css HTTP/1.1" 500 59
[ERROR][2018-04-13 20:47:46,366][basehttp.py][log_message][124]> "GET /static/ui/themes/icon.css HTTP/1.1" 500 59
[ERROR][2018-04-13 20:47:46,385][basehttp.py][log_message][124]> "GET /static/ui/demo/demo.css HTTP/1.1" 500 59
[ERROR][2018-04-13 20:47:46,386][basehttp.py][log_message][124]> "GET /static/admin/bower_components/metisMenu/dist/metisMenu.min.css HTTP/1.1" 500 59
[ERROR][2018-04-13 20:48:19,933][basehttp.py][log_message][124]> "GET /static/ui/themes/default/easyui.css HTTP/1.1" 500 59
[ERROR][2018-04-13 20:48:19,948][basehttp.py][log_message][124]> "GET /static/ui/themes/icon.css HTTP/1.1" 500 59
[ERROR][2018-04-13 20:48:19,964][basehttp.py][log_message][124]> "GET /static/admin/bower_components/bootstrap/dist/css/bootstrap.min.css HTTP/1.1" 500 59
[ERROR][2018-04-13 20:48:19,980][basehttp.py][log_message][124]> "GET /static/ui/demo/demo.css HTTP/1.1" 500 59
[ERROR][2018-04-13 20:49:32,769][basehttp.py][log_message][124]> "GET /media/zzh.jpg HTTP/1.1" 500 59
[ERROR][2018-04-13 20:49:44,978][basehttp.py][log_message][124]> "GET /static/ui/themes/default/easyui.css HTTP/1.1" 500 59
[ERROR][2018-04-13 20:49:45,036][basehttp.py][log_message][124]> "GET /static/ui/themes/icon.css HTTP/1.1" 500 59
[ERROR][2018-04-13 20:55:43,841][basehttp.py][log_message][124]> "GET /static/ui/themes/default/easyui.css HTTP/1.1" 500 59
[ERROR][2018-04-13 20:55:43,852][basehttp.py][log_message][124]> "GET /static/admin/dist/css/sb-admin-2.css HTTP/1.1" 500 59
[ERROR][2018-04-13 20:55:43,893][basehttp.py][log_message][124]> "GET /static/admin/css/common.css HTTP/1.1" 500 59
[ERROR][2018-04-13 20:58:10,622][basehttp.py][log_message][124]> "GET /media/zzh.jpg HTTP/1.1" 500 59
[ERROR][2018-04-13 20:58:13,387][basehttp.py][log_message][124]> "GET /media/avatar/2018/04/10/c3.jpg HTTP/1.1" 500 59
[ERROR][2018-04-13 21:08:46,146][basehttp.py][log_message][124]> "GET /media/avatar/2018/04/10/c3.jpg HTTP/1.1" 500 59
[ERROR][2018-04-13 21:08:51,375][basehttp.py][log_message][124]> "GET /static/ui/themes/default/easyui.css HTTP/1.1" 500 59
[ERROR][2018-04-13 21:08:51,381][basehttp.py][log_message][124]> "GET /static/ui/themes/icon.css HTTP/1.1" 500 59
[ERROR][2018-04-13 21:08:51,527][basehttp.py][log_message][124]> "GET /static/admin/bower_components/font-awesome/fonts/fontawesome-webfont.woff?v=4.2.0 HTTP/1.1" 500 59
[ERROR][2018-04-13 21:09:01,627][basehttp.py][log_message][124]> "GET /static/images/4.jpg HTTP/1.1" 500 59
[ERROR][2018-04-13 21:09:01,660][basehttp.py][log_message][124]> "GET /static/images/5.jpg HTTP/1.1" 500 59
[ERROR][2018-04-13 21:09:01,660][basehttp.py][log_message][124]> "GET /static/images/6.jpg HTTP/1.1" 500 59
[ERROR][2018-04-13 21:12:11,384][basehttp.py][log_message][124]> "GET /media/zzh.jpg HTTP/1.1" 500 59
