[ERROR][2018-04-14 09:01:04,888][basehttp.py][log_message][124]> "GET /static/images/logo.jpg HTTP/1.1" 500 59
[WARNING][2018-04-14 09:09:53,543][basehttp.py][log_message][124]> "GET /favicon.ico HTTP/1.1" 404 3069
[WARNING][2018-04-14 09:09:53,543][basehttp.py][log_message][124]> "GET /favicon.ico HTTP/1.1" 404 3069
[ERROR][2018-04-14 09:09:53,543][basehttp.py][log_message][124]> "GET /favicon.ico HTTP/1.1" 500 59
[ERROR][2018-04-14 09:14:11,451][basehttp.py][log_message][124]> "GET /user/password_change/ HTTP/1.1" 500 116297
[ERROR][2018-04-14 09:15:42,765][basehttp.py][log_message][124]> "GET /static/images/co.png HTTP/1.1" 500 59
[ERROR][2018-04-14 09:15:42,811][basehttp.py][log_message][124]> "GET /media/avatar/2018/04/10/c3.jpg HTTP/1.1" 500 59
[ERROR][2018-04-14 09:16:00,203][basehttp.py][log_message][124]> "GET /static/images/5.jpg HTTP/1.1" 500 59
[ERROR][2018-04-14 09:16:00,219][basehttp.py][log_message][124]> "GET /static/images/6.jpg HTTP/1.1" 500 59
[ERROR][2018-04-14 09:23:17,987][basehttp.py][log_message][124]> "GET /media/avatar/2018/04/10/c3.jpg HTTP/1.1" 500 59
[ERROR][2018-04-14 10:10:07,433][basehttp.py][log_message][124]> "GET /user/pubication HTTP/1.1" 500 58646
[ERROR][2018-04-14 10:10:41,192][basehttp.py][log_message][124]> "GET /static/images/logo.jpg HTTP/1.1" 500 59
[ERROR][2018-04-14 10:29:10,124][basehttp.py][log_message][124]> "GET /static/ui/themes/default/easyui.css HTTP/1.1" 500 59
[ERROR][2018-04-14 10:29:10,127][basehttp.py][log_message][124]> "GET /static/ui/themes/icon.css HTTP/1.1" 500 59
[ERROR][2018-04-14 10:29:10,144][basehttp.py][log_message][124]> "GET /static/ui/demo/demo.css HTTP/1.1" 500 59
[ERROR][2018-04-14 10:29:12,404][basehttp.py][log_message][124]> "GET /static/ui/themes/default/easyui.css HTTP/1.1" 500 59
[ERROR][2018-04-14 10:29:12,406][basehttp.py][log_message][124]> "GET /static/ui/themes/icon.css HTTP/1.1" 500 59
[ERROR][2018-04-14 10:29:12,433][basehttp.py][log_message][124]> "GET /static/ui/demo/demo.css HTTP/1.1" 500 59
[ERROR][2018-04-14 10:29:12,443][basehttp.py][log_message][124]> "GET /static/admin/bower_components/bootstrap/dist/css/bootstrap.min.css HTTP/1.1" 500 59
[ERROR][2018-04-14 10:30:48,577][basehttp.py][log_message][124]> "GET /static/ui/themes/default/easyui.css HTTP/1.1" 500 59
[ERROR][2018-04-14 10:30:48,593][basehttp.py][log_message][124]> "GET /static/ui/themes/icon.css HTTP/1.1" 500 59
[ERROR][2018-04-14 10:30:48,671][basehttp.py][log_message][124]> "GET /static/ui/demo/demo.css HTTP/1.1" 500 59
[ERROR][2018-04-14 10:30:50,731][basehttp.py][log_message][124]> "GET /static/ui/themes/icon.css HTTP/1.1" 500 59
[ERROR][2018-04-14 10:30:50,778][basehttp.py][log_message][124]> "GET /static/ui/demo/demo.css HTTP/1.1" 500 59
[ERROR][2018-04-14 10:30:50,778][basehttp.py][log_message][124]> "GET /static/admin/bower_components/bootstrap/dist/css/bootstrap.min.css HTTP/1.1" 500 59
[ERROR][2018-04-14 10:30:50,809][basehttp.py][log_message][124]> "GET /static/admin/bower_components/metisMenu/dist/metisMenu.min.css HTTP/1.1" 500 59
[ERROR][2018-04-14 10:30:50,856][basehttp.py][log_message][124]> "GET /static/admin/dist/css/sb-admin-2.css HTTP/1.1" 500 59
[ERROR][2018-04-14 10:30:50,856][basehttp.py][log_message][124]> "GET /static/admin/bower_components/font-awesome/css/font-awesome.min.css HTTP/1.1" 500 59
[ERROR][2018-04-14 10:30:50,856][basehttp.py][log_message][124]> "GET /static/admin/css/common.css HTTP/1.1" 500 59
[ERROR][2018-04-14 10:33:12,171][basehttp.py][log_message][124]> "GET /static/admin/css/responsive.css HTTP/1.1" 500 59
[ERROR][2018-04-14 10:33:12,172][basehttp.py][log_message][124]> "GET /static/admin/css/base.css HTTP/1.1" 500 59
[ERROR][2018-04-14 10:33:25,605][basehttp.py][log_message][124]> "GET /static/admin/css/base.css HTTP/1.1" 500 59
[ERROR][2018-04-14 10:33:31,204][basehttp.py][log_message][124]> "GET /static/ckeditor/ckeditor/skins/moono-lisa/editor_gecko.css?t=H8DA HTTP/1.1" 500 59
[ERROR][2018-04-14 10:49:10,028][basehttp.py][log_message][124]> "GET /static/css/bootstrap.css HTTP/1.1" 500 59
[ERROR][2018-04-14 10:49:10,038][basehttp.py][log_message][124]> "GET /static/images/5.jpg HTTP/1.1" 500 59
[ERROR][2018-04-14 10:49:10,043][basehttp.py][log_message][124]> "GET /static/css/style.css HTTP/1.1" 500 59
[ERROR][2018-04-14 10:49:10,082][basehttp.py][log_message][124]> "GET /static/images/6.jpg HTTP/1.1" 500 59
[ERROR][2018-04-14 10:49:12,503][basehttp.py][log_message][124]> "GET /static/ui/themes/default/easyui.css HTTP/1.1" 500 59
[ERROR][2018-04-14 10:49:12,507][basehttp.py][log_message][124]> "GET /static/ui/themes/icon.css HTTP/1.1" 500 59
[ERROR][2018-04-14 10:49:12,533][basehttp.py][log_message][124]> "GET /static/admin/bower_components/bootstrap/dist/css/bootstrap.min.css HTTP/1.1" 500 59
[ERROR][2018-04-14 10:49:29,311][basehttp.py][log_message][124]> "GET /static/admin/dist/css/sb-admin-2.css HTTP/1.1" 500 59
[ERROR][2018-04-14 10:49:29,384][basehttp.py][log_message][124]> "GET /static/admin/bower_components/bootstrap/dist/css/bootstrap.min.css HTTP/1.1" 500 59
[ERROR][2018-04-14 10:49:29,468][basehttp.py][log_message][124]> "GET /static/ui/demo/demo.css HTTP/1.1" 500 59
[ERROR][2018-04-14 10:51:32,185][basehttp.py][log_message][124]> "GET /static/admin/css/base.css HTTP/1.1" 500 59
[ERROR][2018-04-14 10:51:35,498][basehttp.py][log_message][124]> "GET /static/ckeditor/ckeditor/config.js?t=H8DA HTTP/1.1" 500 59
[ERROR][2018-04-14 10:51:35,545][basehttp.py][log_message][124]> "GET /static/ckeditor/ckeditor/skins/moono-lisa/editor_gecko.css?t=H8DA HTTP/1.1" 500 59
[ERROR][2018-04-14 10:51:35,560][basehttp.py][log_message][124]> "GET /static/ckeditor/ckeditor/lang/zh-cn.js?t=H8DA HTTP/1.1" 500 59
[ERROR][2018-04-14 10:51:35,638][basehttp.py][log_message][124]> "GET /static/ckeditor/ckeditor/styles.js?t=H8DA HTTP/1.1" 500 59
[ERROR][2018-04-14 10:51:35,654][basehttp.py][log_message][124]> "GET /static/ckeditor/ckeditor/plugins/scayt/skins/moono-lisa/scayt.css HTTP/1.1" 500 59
[ERROR][2018-04-14 10:51:35,685][basehttp.py][log_message][124]> "GET /static/ckeditor/ckeditor/plugins/scayt/dialogs/dialog.css HTTP/1.1" 500 59
[ERROR][2018-04-14 10:52:15,168][basehttp.py][log_message][124]> "GET /static/css/style.css HTTP/1.1" 500 59
[ERROR][2018-04-14 10:52:15,315][basehttp.py][log_message][124]> "GET /static/images/banner.png HTTP/1.1" 500 59
[ERROR][2018-04-14 10:52:15,316][basehttp.py][log_message][124]> "GET /static/images/img-sp.png HTTP/1.1" 500 59
[ERROR][2018-04-14 10:52:17,361][basehttp.py][log_message][124]> "GET /static/admin/bower_components/metisMenu/dist/metisMenu.min.css HTTP/1.1" 500 59
[ERROR][2018-04-14 10:52:17,365][basehttp.py][log_message][124]> "GET /static/ui/themes/default/easyui.css HTTP/1.1" 500 59
[ERROR][2018-04-14 10:52:17,369][basehttp.py][log_message][124]> "GET /static/ui/themes/icon.css HTTP/1.1" 500 59
[ERROR][2018-04-14 10:56:08,294][basehttp.py][log_message][124]> "GET /media/default.jpg HTTP/1.1" 500 59
[ERROR][2018-04-14 10:56:08,294][basehttp.py][log_message][124]> "GET /static/images/co.png HTTP/1.1" 500 59
[ERROR][2018-04-14 10:56:08,404][basehttp.py][log_message][124]> "GET /static/admin/bower_components/font-awesome/fonts/fontawesome-webfont.woff?v=4.2.0 HTTP/1.1" 500 59
[ERROR][2018-04-14 10:56:11,719][basehttp.py][log_message][124]> "GET /static/ckeditor/ckeditor/skins/moono-lisa/editor_gecko.css?t=H8DA HTTP/1.1" 500 59
[ERROR][2018-04-14 10:56:11,761][basehttp.py][log_message][124]> "GET /static/ckeditor/ckeditor/plugins/scayt/skins/moono-lisa/scayt.css HTTP/1.1" 500 59
[ERROR][2018-04-14 10:59:19,386][basehttp.py][log_message][124]> "GET /media/default.jpg HTTP/1.1" 500 59
[ERROR][2018-04-14 10:59:21,754][basehttp.py][log_message][124]> "GET /static/ckeditor/ckeditor/skins/moono-lisa/editor_gecko.css?t=H8DA HTTP/1.1" 500 59
[ERROR][2018-04-14 11:06:02,499][basehttp.py][log_message][124]> "GET /static/ui/themes/icon.css HTTP/1.1" 500 59
[ERROR][2018-04-14 11:06:02,499][basehttp.py][log_message][124]> "GET /static/ui/themes/default/easyui.css HTTP/1.1" 500 59
[ERROR][2018-04-14 11:06:02,514][basehttp.py][log_message][124]> "GET /static/ui/demo/demo.css HTTP/1.1" 500 59
[ERROR][2018-04-14 11:06:03,905][basehttp.py][log_message][124]> "GET /static/ui/themes/default/easyui.css HTTP/1.1" 500 59
[ERROR][2018-04-14 11:06:03,905][basehttp.py][log_message][124]> "GET /static/ui/themes/icon.css HTTP/1.1" 500 59
[ERROR][2018-04-14 11:06:03,921][basehttp.py][log_message][124]> "GET /static/ui/demo/demo.css HTTP/1.1" 500 59
[ERROR][2018-04-14 11:06:03,983][basehttp.py][log_message][124]> "GET /static/admin/bower_components/bootstrap/dist/css/bootstrap.min.css HTTP/1.1" 500 59
[ERROR][2018-04-14 11:06:06,468][basehttp.py][log_message][124]> "GET /static/ckeditor/ckeditor/skins/moono-lisa/editor_gecko.css?t=H8DA HTTP/1.1" 500 59
[ERROR][2018-04-14 11:06:06,515][basehttp.py][log_message][124]> "GET /static/ckeditor/ckeditor/plugins/scayt/skins/moono-lisa/scayt.css HTTP/1.1" 500 59
[ERROR][2018-04-14 11:06:55,075][basehttp.py][log_message][124]> "GET /static/ui/themes/default/easyui.css HTTP/1.1" 500 59
[ERROR][2018-04-14 11:06:55,091][basehttp.py][log_message][124]> "GET /static/ui/themes/icon.css HTTP/1.1" 500 59
[ERROR][2018-04-14 11:06:55,122][basehttp.py][log_message][124]> "GET /static/ui/demo/demo.css HTTP/1.1" 500 59
[ERROR][2018-04-14 11:06:55,138][basehttp.py][log_message][124]> "GET /static/admin/dist/css/sb-admin-2.css HTTP/1.1" 500 59
[ERROR][2018-04-14 11:06:55,200][basehttp.py][log_message][124]> "GET /static/admin/bower_components/font-awesome/css/font-awesome.min.css HTTP/1.1" 500 59
[ERROR][2018-04-14 11:06:57,997][basehttp.py][log_message][124]> "GET /static/ui/themes/default/easyui.css HTTP/1.1" 500 59
[ERROR][2018-04-14 11:06:57,997][basehttp.py][log_message][124]> "GET /static/ui/themes/icon.css HTTP/1.1" 500 59
[ERROR][2018-04-14 11:07:34,639][basehttp.py][log_message][124]> "GET /media/default.jpg HTTP/1.1" 500 59
[ERROR][2018-04-14 11:07:42,282][basehttp.py][log_message][124]> "GET /static/css/bootstrap.css HTTP/1.1" 500 59
[ERROR][2018-04-14 11:07:42,282][basehttp.py][log_message][124]> "GET /static/css/style.css HTTP/1.1" 500 59
[ERROR][2018-04-14 11:07:42,282][basehttp.py][log_message][124]> "GET /static/images/4.jpg HTTP/1.1" 500 59
[ERROR][2018-04-14 11:07:42,391][basehttp.py][log_message][124]> "GET /static/images/banner.png HTTP/1.1" 500 59
[ERROR][2018-04-14 11:07:53,263][basehttp.py][log_message][124]> "GET /static/ui/themes/default/easyui.css HTTP/1.1" 500 59
[ERROR][2018-04-14 11:07:53,263][basehttp.py][log_message][124]> "GET /static/ui/themes/icon.css HTTP/1.1" 500 59
[ERROR][2018-04-14 11:07:53,294][basehttp.py][log_message][124]> "GET /static/ui/demo/demo.css HTTP/1.1" 500 59
[ERROR][2018-04-14 11:07:53,325][basehttp.py][log_message][124]> "GET /static/admin/bower_components/metisMenu/dist/metisMenu.min.css HTTP/1.1" 500 59
[ERROR][2018-04-14 11:07:59,357][basehttp.py][log_message][124]> "GET /static/ui/themes/default/easyui.css HTTP/1.1" 500 59
[ERROR][2018-04-14 11:07:59,388][basehttp.py][log_message][124]> "GET /static/ui/themes/icon.css HTTP/1.1" 500 59
[ERROR][2018-04-14 11:07:59,404][basehttp.py][log_message][124]> "GET /static/ui/demo/demo.css HTTP/1.1" 500 59
[ERROR][2018-04-14 11:07:59,419][basehttp.py][log_message][124]> "GET /static/admin/dist/css/sb-admin-2.css HTTP/1.1" 500 59
[ERROR][2018-04-14 11:07:59,466][basehttp.py][log_message][124]> "GET /static/admin/bower_components/font-awesome/css/font-awesome.min.css HTTP/1.1" 500 59
[ERROR][2018-04-14 11:20:33,200][basehttp.py][log_message][124]> "GET /static/css/bootstrap.css HTTP/1.1" 500 59
[ERROR][2018-04-14 11:20:33,341][basehttp.py][log_message][124]> "GET /static/css/style.css HTTP/1.1" 500 59
[ERROR][2018-04-14 11:20:35,669][basehttp.py][log_message][124]> "GET /media/zzh.jpg HTTP/1.1" 500 59
[WARNING][2018-04-14 11:25:28,835][views.py][pubilcation][73]> POST请求成功
[WARNING][2018-04-14 11:26:22,983][views.py][pubilcation][73]> POST请求成功
[ERROR][2018-04-14 11:27:48,976][basehttp.py][log_message][124]> "GET /media/default.jpg HTTP/1.1" 500 59
[WARNING][2018-04-14 11:28:04,670][views.py][pubilcation][74]> POST请求成功
[WARNING][2018-04-14 11:28:04,701][views.py][pubilcation][77]> 表单提交成功
[ERROR][2018-04-14 11:28:05,326][basehttp.py][log_message][124]> "POST /user/pubication HTTP/1.1" 500 79965
[ERROR][2018-04-14 11:30:37,838][basehttp.py][log_message][124]> "GET /static/admin/bower_components/font-awesome/fonts/fontawesome-webfont.woff?v=4.2.0 HTTP/1.1" 500 59
[WARNING][2018-04-14 11:30:56,514][views.py][pubilcation][74]> POST请求成功
[WARNING][2018-04-14 11:30:56,529][views.py][pubilcation][77]> 表单提交成功
[WARNING][2018-04-14 11:33:05,357][views.py][pubilcation][74]> POST请求成功
[WARNING][2018-04-14 11:33:05,357][views.py][pubilcation][77]> 表单提交成功
[WARNING][2018-04-14 11:36:01,982][views.py][pubilcation][74]> POST请求成功
[WARNING][2018-04-14 11:36:01,998][views.py][pubilcation][77]> 表单提交成功
[WARNING][2018-04-14 11:40:37,245][views.py][pubilcation][74]> POST请求成功
[WARNING][2018-04-14 11:40:37,261][views.py][pubilcation][77]> 表单提交成功
[WARNING][2018-04-14 11:44:27,743][views.py][pubilcation][74]> POST请求成功
[WARNING][2018-04-14 11:44:27,753][views.py][pubilcation][77]> 表单提交成功
[WARNING][2018-04-14 11:46:05,358][views.py][pubilcation][74]> POST请求成功
[WARNING][2018-04-14 11:46:05,358][views.py][pubilcation][77]> 表单提交成功
[ERROR][2018-04-14 12:02:23,391][basehttp.py][log_message][124]> "GET /static/ui/themes/default/easyui.css HTTP/1.1" 500 59
[ERROR][2018-04-14 12:02:23,395][basehttp.py][log_message][124]> "GET /static/ui/themes/icon.css HTTP/1.1" 500 59
[ERROR][2018-04-14 12:02:23,399][basehttp.py][log_message][124]> "GET /static/ui/demo/demo.css HTTP/1.1" 500 59
[ERROR][2018-04-14 12:02:23,442][basehttp.py][log_message][124]> "GET /static/admin/bower_components/bootstrap/dist/css/bootstrap.min.css HTTP/1.1" 500 59
[ERROR][2018-04-14 12:02:25,452][basehttp.py][log_message][124]> "GET /static/admin/bower_components/bootstrap/dist/css/bootstrap.min.css HTTP/1.1" 500 59
[ERROR][2018-04-14 12:02:25,474][basehttp.py][log_message][124]> "GET /static/admin/bower_components/metisMenu/dist/metisMenu.min.css HTTP/1.1" 500 59
[ERROR][2018-04-14 12:02:25,486][basehttp.py][log_message][124]> "GET /static/admin/dist/css/sb-admin-2.css HTTP/1.1" 500 59
[WARNING][2018-04-14 12:02:41,090][views.py][pubilcation][74]> POST请求成功
[WARNING][2018-04-14 12:02:41,090][views.py][pubilcation][77]> 表单提交成功
[ERROR][2018-04-14 12:02:47,575][basehttp.py][log_message][124]> "GET /static/css/bootstrap.css HTTP/1.1" 500 59
[ERROR][2018-04-14 12:02:47,622][basehttp.py][log_message][124]> "GET /static/css/style.css HTTP/1.1" 500 59
[ERROR][2018-04-14 12:02:47,622][basehttp.py][log_message][124]> "GET /static/images/4.jpg HTTP/1.1" 500 59
[ERROR][2018-04-14 12:02:47,653][basehttp.py][log_message][124]> "GET /static/images/5.jpg HTTP/1.1" 500 59
[ERROR][2018-04-14 12:02:47,668][basehttp.py][log_message][124]> "GET /static/images/6.jpg HTTP/1.1" 500 59
[ERROR][2018-04-14 12:02:49,419][basehttp.py][log_message][124]> "GET /static/css/bootstrap.css HTTP/1.1" 500 59
[ERROR][2018-04-14 12:02:49,434][basehttp.py][log_message][124]> "GET /static/css/style.css HTTP/1.1" 500 59
[ERROR][2018-04-14 12:27:08,610][basehttp.py][log_message][124]> "GET /static/images/4.jpg HTTP/1.1" 500 59
[ERROR][2018-04-14 12:27:08,610][basehttp.py][log_message][124]> "GET /static/images/5.jpg HTTP/1.1" 500 59
[ERROR][2018-04-14 12:27:08,672][basehttp.py][log_message][124]> "GET /static/images/6.jpg HTTP/1.1" 500 59
[ERROR][2018-04-14 12:27:19,102][basehttp.py][log_message][124]> "GET /media/zzh.jpg HTTP/1.1" 500 59
[ERROR][2018-04-14 12:29:51,497][basehttp.py][log_message][124]> "GET /static/ui/themes/default/easyui.css HTTP/1.1" 500 59
[ERROR][2018-04-14 12:29:51,528][basehttp.py][log_message][124]> "GET /static/ui/themes/icon.css HTTP/1.1" 500 59
[ERROR][2018-04-14 12:29:51,560][basehttp.py][log_message][124]> "GET /static/ui/demo/demo.css HTTP/1.1" 500 59
[ERROR][2018-04-14 12:29:51,575][basehttp.py][log_message][124]> "GET /static/admin/bower_components/bootstrap/dist/css/bootstrap.min.css HTTP/1.1" 500 59
[ERROR][2018-04-14 12:29:51,575][basehttp.py][log_message][124]> "GET /static/admin/bower_components/metisMenu/dist/metisMenu.min.css HTTP/1.1" 500 59
[ERROR][2018-04-14 12:29:51,591][basehttp.py][log_message][124]> "GET /static/admin/dist/css/sb-admin-2.css HTTP/1.1" 500 59
[WARNING][2018-04-14 12:45:21,192][views.py][pubilcation][74]> POST请求成功
[WARNING][2018-04-14 12:45:21,203][views.py][pubilcation][77]> 表单提交成功
[ERROR][2018-04-14 12:45:25,589][basehttp.py][log_message][124]> "GET /static/images/banner.png HTTP/1.1" 500 59
[ERROR][2018-04-14 12:45:25,602][basehttp.py][log_message][124]> "GET /static/images/img-sp.png HTTP/1.1" 500 59
